Compiling the C compiler identification source file "CMakeCCompilerId.c" failed.
Compiler: /usr/bin/gcc 
Build flags: 
Id flags:  

The output was:
No such file or directory


Compiling the C compiler identification source file "CMakeCCompilerId.c" failed.
Compiler: /usr/bin/gcc 
Build flags: 
Id flags: -c 

The output was:
No such file or directory


Compiling the C compiler identification source file "CMakeCCompilerId.c" failed.
Compiler: /usr/bin/gcc 
Build flags: 
Id flags: -Aa 

The output was:
No such file or directory


Compiling the C compiler identification source file "CMakeCCompilerId.c" failed.
Compiler: /usr/bin/gcc 
Build flags: 
Id flags: -D__CLASSIC_C__ 

The output was:
No such file or directory


Compiling the C compiler identification source file "CMakeCCompilerId.c" failed.
Compiler: /usr/bin/gcc 
Build flags: 
Id flags:  

The output was:
No such file or directory


Compiling the C compiler identification source file "CMakeCCompilerId.c" failed.
Compiler: /usr/bin/gcc 
Build flags: 
Id flags: -c 

The output was:
No such file or directory


Compiling the C compiler identification source file "CMakeCCompilerId.c" failed.
Compiler: /usr/bin/gcc 
Build flags: 
Id flags: -Aa 

The output was:
No such file or directory


Compiling the C compiler identification source file "CMakeCCompilerId.c" failed.
Compiler: /usr/bin/gcc 
Build flags: 
Id flags: -D__CLASSIC_C__ 

The output was:
No such file or directory


Checking whether the C compiler is IAR using "" did not match "IAR .+ Compiler":
Checking whether the C compiler is IAR using "" did not match "IAR .+ Compiler":
Compiling the CXX compiler identification source file "CMakeCXXCompilerId.cpp" failed.
Compiler: /usr/bin/g++ 
Build flags: 
Id flags:  

The output was:
No such file or directory


Compiling the CXX compiler identification source file "CMakeCXXCompilerId.cpp" failed.
Compiler: /usr/bin/g++ 
Build flags: 
Id flags: -c 

The output was:
No such file or directory


Compiling the CXX compiler identification source file "CMakeCXXCompilerId.cpp" failed.
Compiler: /usr/bin/g++ 
Build flags: 
Id flags: --c++ 

The output was:
No such file or directory


Compiling the CXX compiler identification source file "CMakeCXXCompilerId.cpp" failed.
Compiler: /usr/bin/g++ 
Build flags: 
Id flags: --ec++ 

The output was:
No such file or directory


Compiling the CXX compiler identification source file "CMakeCXXCompilerId.cpp" failed.
Compiler: /usr/bin/g++ 
Build flags: 
Id flags:  

The output was:
No such file or directory


Compiling the CXX compiler identification source file "CMakeCXXCompilerId.cpp" failed.
Compiler: /usr/bin/g++ 
Build flags: 
Id flags: -c 

The output was:
No such file or directory


Compiling the CXX compiler identification source file "CMakeCXXCompilerId.cpp" failed.
Compiler: /usr/bin/g++ 
Build flags: 
Id flags: --c++ 

The output was:
No such file or directory


Compiling the CXX compiler identification source file "CMakeCXXCompilerId.cpp" failed.
Compiler: /usr/bin/g++ 
Build flags: 
Id flags: --ec++ 

The output was:
No such file or directory


Checking whether the CXX compiler is IAR using "" did not match "IAR .+ Compiler":
Checking whether the CXX compiler is IAR using "" did not match "IAR .+ Compiler":
Determining if the pthread_create exist failed with the following output:
Change Dir: /home/kayvan/Repos/custom_backend/build/CMakeFiles/CMakeTmp

Run Build Command:"/usr/bin/make" "cmTC_6ec8e/fast"
/usr/bin/make -f CMakeFiles/cmTC_6ec8e.dir/build.make CMakeFiles/cmTC_6ec8e.dir/build
make[1]: Entering directory '/home/kayvan/Repos/custom_backend/build/CMakeFiles/CMakeTmp'
Building C object CMakeFiles/cmTC_6ec8e.dir/CheckSymbolExists.c.o
/usr/bin/gcc    -o CMakeFiles/cmTC_6ec8e.dir/CheckSymbolExists.c.o   -c /home/kayvan/Repos/custom_backend/build/CMakeFiles/CMakeTmp/CheckSymbolExists.c
Linking C executable cmTC_6ec8e
/usr/bin/cmake -E cmake_link_script CMakeFiles/cmTC_6ec8e.dir/link.txt --verbose=1
/usr/bin/gcc      CMakeFiles/cmTC_6ec8e.dir/CheckSymbolExists.c.o  -o cmTC_6ec8e 
CMakeFiles/cmTC_6ec8e.dir/CheckSymbolExists.c.o: In function `main':
CheckSymbolExists.c:(.text+0x1b): undefined reference to `pthread_create'
collect2: error: ld returned 1 exit status
CMakeFiles/cmTC_6ec8e.dir/build.make:97: recipe for target 'cmTC_6ec8e' failed
make[1]: *** [cmTC_6ec8e] Error 1
make[1]: Leaving directory '/home/kayvan/Repos/custom_backend/build/CMakeFiles/CMakeTmp'
Makefile:126: recipe for target 'cmTC_6ec8e/fast' failed
make: *** [cmTC_6ec8e/fast] Error 2

File /home/kayvan/Repos/custom_backend/build/CMakeFiles/CMakeTmp/CheckSymbolExists.c:
/* */
#include <pthread.h>

int main(int argc, char** argv)
{
  (void)argv;
#ifndef pthread_create
  return ((int*)(&pthread_create))[argc];
#else
  (void)argc;
  return 0;
#endif
}

Determining if the pthread_create exist failed with the following output:
Change Dir: /home/kayvan/Repos/custom_backend/build/CMakeFiles/CMakeTmp

Run Build Command:"/usr/bin/make" "cmTC_aafaa/fast"
/usr/bin/make -f CMakeFiles/cmTC_aafaa.dir/build.make CMakeFiles/cmTC_aafaa.dir/build
make[1]: Entering directory '/home/kayvan/Repos/custom_backend/build/CMakeFiles/CMakeTmp'
Building C object CMakeFiles/cmTC_aafaa.dir/CheckSymbolExists.c.o
/usr/bin/gcc    -o CMakeFiles/cmTC_aafaa.dir/CheckSymbolExists.c.o   -c /home/kayvan/Repos/custom_backend/build/CMakeFiles/CMakeTmp/CheckSymbolExists.c
Linking C executable cmTC_aafaa
/usr/bin/cmake -E cmake_link_script CMakeFiles/cmTC_aafaa.dir/link.txt --verbose=1
/usr/bin/gcc      -rdynamic CMakeFiles/cmTC_aafaa.dir/CheckSymbolExists.c.o  -o cmTC_aafaa 
CMakeFiles/cmTC_aafaa.dir/CheckSymbolExists.c.o: In function `main':
CheckSymbolExists.c:(.text+0x1b): undefined reference to `pthread_create'
collect2: error: ld returned 1 exit status
CMakeFiles/cmTC_aafaa.dir/build.make:97: recipe for target 'cmTC_aafaa' failed
make[1]: *** [cmTC_aafaa] Error 1
make[1]: Leaving directory '/home/kayvan/Repos/custom_backend/build/CMakeFiles/CMakeTmp'
Makefile:126: recipe for target 'cmTC_aafaa/fast' failed
make: *** [cmTC_aafaa/fast] Error 2

File /home/kayvan/Repos/custom_backend/build/CMakeFiles/CMakeTmp/CheckSymbolExists.c:
/* */
#include <pthread.h>

int main(int argc, char** argv)
{
  (void)argv;
#ifndef pthread_create
  return ((int*)(&pthread_create))[argc];
#else
  (void)argc;
  return 0;
#endif
}

Performing C++ SOURCE FILE Test HAVE_FLAG__ffile_prefix_map__home_kayvan_Repos_custom_backend_lib_Catch2__ failed with the following output:
Change Dir: /home/kayvan/Repos/custom_backend/build/CMakeFiles/CMakeTmp

Run Build Command:"/usr/bin/make" "cmTC_c6350/fast"
/usr/bin/make -f CMakeFiles/cmTC_c6350.dir/build.make CMakeFiles/cmTC_c6350.dir/build
make[1]: Entering directory '/home/kayvan/Repos/custom_backend/build/CMakeFiles/CMakeTmp'
Building CXX object CMakeFiles/cmTC_c6350.dir/src.cxx.o
/usr/bin/g++    -DHAVE_FLAG__ffile_prefix_map__home_kayvan_Repos_custom_backend_lib_Catch2__   -ffile-prefix-map=/home/kayvan/Repos/custom_backend/lib/Catch2/= -std=gnu++1z -o CMakeFiles/cmTC_c6350.dir/src.cxx.o -c /home/kayvan/Repos/custom_backend/build/CMakeFiles/CMakeTmp/src.cxx
g++: error: unrecognized command line option '-ffile-prefix-map=/home/kayvan/Repos/custom_backend/lib/Catch2/='
CMakeFiles/cmTC_c6350.dir/build.make:65: recipe for target 'CMakeFiles/cmTC_c6350.dir/src.cxx.o' failed
make[1]: *** [CMakeFiles/cmTC_c6350.dir/src.cxx.o] Error 1
make[1]: Leaving directory '/home/kayvan/Repos/custom_backend/build/CMakeFiles/CMakeTmp'
Makefile:126: recipe for target 'cmTC_c6350/fast' failed
make: *** [cmTC_c6350/fast] Error 2

Source file was:
int main() { return 0; }
Determining if the pthread_create exist failed with the following output:
Change Dir: /home/kayvan/Repos/custom_backend/build/CMakeFiles/CMakeTmp

Run Build Command:"/usr/bin/make" "cmTC_f628a/fast"
/usr/bin/make -f CMakeFiles/cmTC_f628a.dir/build.make CMakeFiles/cmTC_f628a.dir/build
make[1]: Entering directory '/home/kayvan/Repos/custom_backend/build/CMakeFiles/CMakeTmp'
Building C object CMakeFiles/cmTC_f628a.dir/CheckSymbolExists.c.o
/usr/bin/gcc    -o CMakeFiles/cmTC_f628a.dir/CheckSymbolExists.c.o   -c /home/kayvan/Repos/custom_backend/build/CMakeFiles/CMakeTmp/CheckSymbolExists.c
Linking C executable cmTC_f628a
/usr/bin/cmake -E cmake_link_script CMakeFiles/cmTC_f628a.dir/link.txt --verbose=1
/usr/bin/gcc      -rdynamic CMakeFiles/cmTC_f628a.dir/CheckSymbolExists.c.o  -o cmTC_f628a 
CMakeFiles/cmTC_f628a.dir/CheckSymbolExists.c.o: In function `main':
CheckSymbolExists.c:(.text+0x1b): undefined reference to `pthread_create'
collect2: error: ld returned 1 exit status
CMakeFiles/cmTC_f628a.dir/build.make:97: recipe for target 'cmTC_f628a' failed
make[1]: *** [cmTC_f628a] Error 1
make[1]: Leaving directory '/home/kayvan/Repos/custom_backend/build/CMakeFiles/CMakeTmp'
Makefile:126: recipe for target 'cmTC_f628a/fast' failed
make: *** [cmTC_f628a/fast] Error 2

File /home/kayvan/Repos/custom_backend/build/CMakeFiles/CMakeTmp/CheckSymbolExists.c:
/* */
#include <pthread.h>

int main(int argc, char** argv)
{
  (void)argv;
#ifndef pthread_create
  return ((int*)(&pthread_create))[argc];
#else
  (void)argc;
  return 0;
#endif
}

Performing C++ SOURCE FILE Test HAVE_FLAG__ffile_prefix_map__home_kayvan_Repos_custom_backend_lib_Catch2__ failed with the following output:
Change Dir: /home/kayvan/Repos/custom_backend/build/CMakeFiles/CMakeTmp

Run Build Command:"/usr/bin/make" "cmTC_e7bfa/fast"
/usr/bin/make -f CMakeFiles/cmTC_e7bfa.dir/build.make CMakeFiles/cmTC_e7bfa.dir/build
make[1]: Entering directory '/home/kayvan/Repos/custom_backend/build/CMakeFiles/CMakeTmp'
Building CXX object CMakeFiles/cmTC_e7bfa.dir/src.cxx.o
/usr/bin/g++    -DHAVE_FLAG__ffile_prefix_map__home_kayvan_Repos_custom_backend_lib_Catch2__   -ffile-prefix-map=/home/kayvan/Repos/custom_backend/lib/Catch2/= -std=gnu++1z -o CMakeFiles/cmTC_e7bfa.dir/src.cxx.o -c /home/kayvan/Repos/custom_backend/build/CMakeFiles/CMakeTmp/src.cxx
g++: error: unrecognized command line option '-ffile-prefix-map=/home/kayvan/Repos/custom_backend/lib/Catch2/='
CMakeFiles/cmTC_e7bfa.dir/build.make:65: recipe for target 'CMakeFiles/cmTC_e7bfa.dir/src.cxx.o' failed
make[1]: *** [CMakeFiles/cmTC_e7bfa.dir/src.cxx.o] Error 1
make[1]: Leaving directory '/home/kayvan/Repos/custom_backend/build/CMakeFiles/CMakeTmp'
Makefile:126: recipe for target 'cmTC_e7bfa/fast' failed
make: *** [cmTC_e7bfa/fast] Error 2

Source file was:
int main() { return 0; }
Performing C++ SOURCE FILE Test HAVE_FLAG__ffile_prefix_map__home_kayvan_Repos_custom_backend_lib_Catch2__ failed with the following output:
Change Dir: /home/kayvan/Repos/custom_backend/build/CMakeFiles/CMakeTmp

Run Build Command:"/usr/bin/make" "cmTC_ff310/fast"
/usr/bin/make -f CMakeFiles/cmTC_ff310.dir/build.make CMakeFiles/cmTC_ff310.dir/build
make[1]: Entering directory '/home/kayvan/Repos/custom_backend/build/CMakeFiles/CMakeTmp'
Building CXX object CMakeFiles/cmTC_ff310.dir/src.cxx.o
/usr/bin/g++    -DHAVE_FLAG__ffile_prefix_map__home_kayvan_Repos_custom_backend_lib_Catch2__   -ffile-prefix-map=/home/kayvan/Repos/custom_backend/lib/Catch2/= -std=gnu++1z -o CMakeFiles/cmTC_ff310.dir/src.cxx.o -c /home/kayvan/Repos/custom_backend/build/CMakeFiles/CMakeTmp/src.cxx
g++: error: unrecognized command line option '-ffile-prefix-map=/home/kayvan/Repos/custom_backend/lib/Catch2/='
CMakeFiles/cmTC_ff310.dir/build.make:65: recipe for target 'CMakeFiles/cmTC_ff310.dir/src.cxx.o' failed
make[1]: *** [CMakeFiles/cmTC_ff310.dir/src.cxx.o] Error 1
make[1]: Leaving directory '/home/kayvan/Repos/custom_backend/build/CMakeFiles/CMakeTmp'
Makefile:126: recipe for target 'cmTC_ff310/fast' failed
make: *** [cmTC_ff310/fast] Error 2

Source file was:
int main() { return 0; }
Determining if the pthread_create exist failed with the following output:
Change Dir: /home/kayvan/Repos/custom_backend/build/CMakeFiles/CMakeTmp

Run Build Command:"/usr/bin/make" "cmTC_e86ca/fast"
/usr/bin/make -f CMakeFiles/cmTC_e86ca.dir/build.make CMakeFiles/cmTC_e86ca.dir/build
make[1]: Entering directory '/home/kayvan/Repos/custom_backend/build/CMakeFiles/CMakeTmp'
Building C object CMakeFiles/cmTC_e86ca.dir/CheckSymbolExists.c.o
/usr/bin/gcc    -o CMakeFiles/cmTC_e86ca.dir/CheckSymbolExists.c.o   -c /home/kayvan/Repos/custom_backend/build/CMakeFiles/CMakeTmp/CheckSymbolExists.c
Linking C executable cmTC_e86ca
/usr/bin/cmake -E cmake_link_script CMakeFiles/cmTC_e86ca.dir/link.txt --verbose=1
/usr/bin/gcc      -rdynamic CMakeFiles/cmTC_e86ca.dir/CheckSymbolExists.c.o  -o cmTC_e86ca 
CMakeFiles/cmTC_e86ca.dir/CheckSymbolExists.c.o: In function `main':
CheckSymbolExists.c:(.text+0x1b): undefined reference to `pthread_create'
collect2: error: ld returned 1 exit status
CMakeFiles/cmTC_e86ca.dir/build.make:97: recipe for target 'cmTC_e86ca' failed
make[1]: *** [cmTC_e86ca] Error 1
make[1]: Leaving directory '/home/kayvan/Repos/custom_backend/build/CMakeFiles/CMakeTmp'
Makefile:126: recipe for target 'cmTC_e86ca/fast' failed
make: *** [cmTC_e86ca/fast] Error 2

File /home/kayvan/Repos/custom_backend/build/CMakeFiles/CMakeTmp/CheckSymbolExists.c:
/* */
#include <pthread.h>

int main(int argc, char** argv)
{
  (void)argv;
#ifndef pthread_create
  return ((int*)(&pthread_create))[argc];
#else
  (void)argc;
  return 0;
#endif
}

